Array
(
    [0] => 284
)
Array
(
    [0] => 285
)
Array
(
    [0] => 286
    [1] => 287
    [2] => 288
)
Array
(
    [0] => 289
)
Array
(
    [0] => 290
)
Array
(
    [0] => 291
)
Array
(
    [0] => 292
)
Array
(
    [0] => 293
)
Array
(
    [0] => 294
)
Array
(
    [0] => 295
    [1] => 296
    [2] => 297
)
Array
(
    [0] => 298
    [1] => 299
    [2] => 300
)
Array
(
    [0] => 301
    [1] => 302
    [2] => 303
    [3] => 304
    [4] => 305
    [5] => 306
    [6] => 307
    [7] => 308
)
Array
(
    [0] => 309
    [1] => 310
    [2] => 311
    [3] => 312
    [4] => 313
    [5] => 314
    [6] => 315
    [7] => 316
)
Array
(
    [0] => 317
    [1] => 318
    [2] => 319
    [3] => 320
    [4] => 321
    [5] => 322
    [6] => 323
    [7] => 324
    [8] => 325
    [9] => 326
    [10] => 327
    [11] => 328
)
Array
(
    [0] => 329
    [1] => 330
    [2] => 331
    [3] => 332
)
Array
(
    [0] => 333
    [1] => 334
    [2] => 335
    [3] => 336
    [4] => 337
    [5] => 338
    [6] => 339
    [7] => 340
)
Array
(
    [0] => 341
    [1] => 342
    [2] => 343
    [3] => 344
    [4] => 345
    [5] => 346
    [6] => 347
    [7] => 348
    [8] => 349
    [9] => 350
    [10] => 351
    [11] => 352
    [12] => 353
    [13] => 354
    [14] => 355
    [15] => 356
    [16] => 357
    [17] => 358
    [18] => 359
    [19] => 360
    [20] => 361
    [21] => 362
    [22] => 363
    [23] => 364
    [24] => 365
    [25] => 366
    [26] => 367
    [27] => 368
    [28] => 369
    [29] => 370
    [30] => 371
    [31] => 372
    [32] => 373
    [33] => 374
    [34] => 375
    [35] => 376
    [36] => 377
    [37] => 378
    [38] => 379
    [39] => 380
    [40] => 381
    [41] => 382
    [42] => 383
    [43] => 384
    [44] => 385
    [45] => 386
    [46] => 387
    [47] => 388
    [48] => 389
    [49] => 390
    [50] => 391
    [51] => 392
    [52] => 393
    [53] => 394
    [54] => 395
    [55] => 396
    [56] => 397
    [57] => 398
    [58] => 399
    [59] => 400
    [60] => 401
    [61] => 402
    [62] => 403
    [63] => 404
    [64] => 405
    [65] => 406
    [66] => 407
    [67] => 408
    [68] => 409
    [69] => 410
    [70] => 411
    [71] => 412
    [72] => 413
    [73] => 414
    [74] => 415
    [75] => 416
)
Array
(
    [0] => 417
    [1] => 418
    [2] => 419
    [3] => 420
    [4] => 421
    [5] => 422
    [6] => 423
    [7] => 424
    [8] => 425
    [9] => 426
    [10] => 427
    [11] => 428
)
Array
(
    [0] => 429
    [1] => 430
    [2] => 431
    [3] => 432
    [4] => 433
    [5] => 434
    [6] => 435
    [7] => 436
)
Array
(
    [0] => 437
    [1] => 438
    [2] => 439
    [3] => 440
    [4] => 441
    [5] => 442
    [6] => 443
    [7] => 444
)
Array
(
    [0] => 445
    [1] => 446
    [2] => 447
    [3] => 448
    [4] => 449
    [5] => 450
    [6] => 451
    [7] => 452
    [8] => 453
    [9] => 454
    [10] => 455
    [11] => 456
)
Array
(
    [0] => 457
    [1] => 458
    [2] => 459
    [3] => 460
)
Array
(
    [0] => 461
    [1] => 462
    [2] => 463
    [3] => 464
    [4] => 465
    [5] => 466
    [6] => 467
    [7] => 468
    [8] => 469
    [9] => 470
    [10] => 471
    [11] => 472
    [12] => 473
    [13] => 474
    [14] => 475
    [15] => 476
    [16] => 477
    [17] => 478
    [18] => 479
    [19] => 480
    [20] => 481
    [21] => 482
    [22] => 483
    [23] => 484
    [24] => 485
    [25] => 486
    [26] => 487
    [27] => 488
    [28] => 489
    [29] => 490
    [30] => 491
    [31] => 492
    [32] => 493
    [33] => 494
    [34] => 495
    [35] => 496
    [36] => 497
    [37] => 498
    [38] => 499
    [39] => 500
    [40] => 501
    [41] => 502
    [42] => 503
    [43] => 504
    [44] => 505
    [45] => 506
    [46] => 507
    [47] => 508
    [48] => 509
    [49] => 510
    [50] => 511
    [51] => 512
    [52] => 513
    [53] => 514
    [54] => 515
    [55] => 516
    [56] => 517
    [57] => 518
    [58] => 519
    [59] => 520
    [60] => 521
    [61] => 522
    [62] => 523
    [63] => 524
    [64] => 525
    [65] => 526
    [66] => 527
    [67] => 528
    [68] => 529
    [69] => 530
    [70] => 531
    [71] => 532
    [72] => 533
    [73] => 534
    [74] => 535
    [75] => 536
    [76] => 537
    [77] => 538
    [78] => 539
    [79] => 540
    [80] => 541
    [81] => 542
    [82] => 543
    [83] => 544
    [84] => 545
    [85] => 546
    [86] => 547
    [87] => 548
    [88] => 549
    [89] => 550
    [90] => 551
    [91] => 552
    [92] => 553
    [93] => 554
    [94] => 555
    [95] => 556
    [96] => 557
    [97] => 558
    [98] => 559
    [99] => 560
    [100] => 561
    [101] => 562
    [102] => 563
    [103] => 564
    [104] => 565
    [105] => 566
    [106] => 567
    [107] => 568
    [108] => 569
    [109] => 570
    [110] => 571
    [111] => 572
    [112] => 573
    [113] => 574
    [114] => 575
    [115] => 576
    [116] => 577
    [117] => 578
    [118] => 579
    [119] => 580
    [120] => 581
    [121] => 582
    [122] => 583
    [123] => 584
    [124] => 585
    [125] => 586
    [126] => 587
    [127] => 588
    [128] => 589
    [129] => 590
    [130] => 591
    [131] => 592
    [132] => 593
    [133] => 594
    [134] => 595
    [135] => 596
    [136] => 597
    [137] => 598
    [138] => 599
    [139] => 600
    [140] => 601
    [141] => 602
    [142] => 603
    [143] => 604
    [144] => 605
    [145] => 606
    [146] => 607
    [147] => 608
    [148] => 609
    [149] => 610
    [150] => 611
    [151] => 612
    [152] => 613
    [153] => 614
    [154] => 615
    [155] => 616
    [156] => 617
    [157] => 618
    [158] => 619
    [159] => 620
    [160] => 621
    [161] => 622
    [162] => 623
    [163] => 624
    [164] => 625
    [165] => 626
    [166] => 627
    [167] => 628
    [168] => 629
    [169] => 630
    [170] => 631
    [171] => 632
    [172] => 633
    [173] => 634
    [174] => 635
    [175] => 636
    [176] => 637
    [177] => 638
    [178] => 639
    [179] => 640
    [180] => 641
    [181] => 642
    [182] => 643
    [183] => 644
    [184] => 645
    [185] => 646
    [186] => 647
    [187] => 648
    [188] => 649
    [189] => 650
    [190] => 651
    [191] => 652
    [192] => 653
    [193] => 654
    [194] => 655
    [195] => 656
    [196] => 657
    [197] => 658
    [198] => 659
    [199] => 660
    [200] => 661
    [201] => 662
    [202] => 663
    [203] => 664
    [204] => 665
    [205] => 666
    [206] => 667
    [207] => 668
    [208] => 669
    [209] => 670
    [210] => 671
    [211] => 672
    [212] => 673
    [213] => 674
    [214] => 675
    [215] => 676
    [216] => 677
    [217] => 678
    [218] => 679
    [219] => 680
    [220] => 681
    [221] => 682
    [222] => 683
    [223] => 684
    [224] => 685
    [225] => 686
    [226] => 687
    [227] => 688
    [228] => 689
    [229] => 690
    [230] => 691
    [231] => 692
    [232] => 693
    [233] => 694
    [234] => 695
    [235] => 696
    [236] => 697
    [237] => 698
    [238] => 699
    [239] => 700
    [240] => 701
    [241] => 702
    [242] => 703
    [243] => 704
    [244] => 705
    [245] => 706
    [246] => 707
    [247] => 708
    [248] => 709
    [249] => 710
    [250] => 711
    [251] => 712
    [252] => 713
    [253] => 714
    [254] => 715
    [255] => 716
    [256] => 717
    [257] => 718
    [258] => 719
    [259] => 720
    [260] => 721
    [261] => 722
    [262] => 723
    [263] => 724
    [264] => 725
    [265] => 726
    [266] => 727
    [267] => 728
    [268] => 729
    [269] => 730
    [270] => 731
    [271] => 732
    [272] => 733
    [273] => 734
    [274] => 735
    [275] => 736
    [276] => 737
    [277] => 738
    [278] => 739
    [279] => 740
    [280] => 741
    [281] => 742
    [282] => 743
    [283] => 744
    [284] => 745
    [285] => 746
    [286] => 747
    [287] => 748
    [288] => 749
    [289] => 750
    [290] => 751
    [291] => 752
    [292] => 753
    [293] => 754
    [294] => 755
    [295] => 756
    [296] => 757
    [297] => 758
    [298] => 759
    [299] => 760
    [300] => 761
    [301] => 762
    [302] => 763
    [303] => 764
    [304] => 765
    [305] => 766
    [306] => 767
    [307] => 768
    [308] => 769
    [309] => 770
    [310] => 771
    [311] => 772
    [312] => 773
    [313] => 774
    [314] => 775
    [315] => 776
    [316] => 777
    [317] => 778
    [318] => 779
    [319] => 780
    [320] => 781
    [321] => 782
    [322] => 783
    [323] => 784
    [324] => 785
    [325] => 786
    [326] => 787
    [327] => 788
    [328] => 789
    [329] => 790
    [330] => 791
    [331] => 792
    [332] => 793
    [333] => 794
    [334] => 795
    [335] => 796
    [336] => 797
    [337] => 798
    [338] => 799
    [339] => 800
    [340] => 801
    [341] => 802
    [342] => 803
    [343] => 804
    [344] => 805
    [345] => 806
    [346] => 807
    [347] => 808
    [348] => 809
    [349] => 810
    [350] => 811
    [351] => 812
    [352] => 813
    [353] => 814
    [354] => 815
    [355] => 816
    [356] => 817
    [357] => 818
    [358] => 819
    [359] => 820
    [360] => 821
    [361] => 822
)
Array
(
    [0] => 823
    [1] => 824
    [2] => 825
)
Array
(
    [0] => 826
    [1] => 827
    [2] => 828
)
Array
(
    [0] => 829
    [1] => 830
    [2] => 831
    [3] => 832
)
Array
(
    [0] => 833
    [1] => 834
    [2] => 835
    [3] => 836
)
Array
(
    [0] => 837
    [1] => 838
    [2] => 839
    [3] => 840
)
Array
(
    [0] => 841
)
Array
(
    [0] => 842
)
Array
(
    [0] => 843
)
Array
(
    [0] => 844
)
Array
(
    [0] => 845
)
Array
(
    [0] => 846
)
Array
(
    [0] => 847
    [1] => 848
)
Array
(
    [0] => 849
)
Array
(
    [0] => 850
    [1] => 851
)
Array
(
    [0] => 852
)
Array
(
    [0] => 853
)
Array
(
    [0] => 854
)
Array
(
    [0] => 855
)
Array
(
    [0] => 856
)
Array
(
    [0] => 857
)
Array
(
    [0] => 858
)
Array
(
    [0] => 859
    [1] => 860
    [2] => 861
)
Array
(
    [0] => 862
)
Array
(
    [0] => 863
    [1] => 864
)
Array
(
    [0] => 865
)
Array
(
    [0] => 866
)
Array
(
    [0] => 867
)
Array
(
    [0] => 868
)
Array
(
    [0] => 869
)
Array
(
    [0] => 870
    [1] => 871
    [2] => 872
    [3] => 873
)
Array
(
    [0] => 874
    [1] => 875
    [2] => 876
    [3] => 877
    [4] => 878
)
Array
(
    [0] => 879
)
Array
(
    [0] => 880
    [1] => 881
    [2] => 882
)
Array
(
    [0] => 883
)
Array
(
    [0] => 884
)
